<?xml version="1.0" encoding="UTF-8"?>
<testng-results ignored="0" total="6" passed="6" failed="0" skipped="0">
  <reporter-output>
  </reporter-output>
  <suite started-at="2021-06-02T23:06:00 PST" name="Suite" finished-at="2021-06-02T23:06:00 PST" duration-ms="99">
    <groups>
    </groups>
    <test started-at="2021-06-02T23:06:00 PST" name="Test" finished-at="2021-06-02T23:06:00 PST" duration-ms="99">
      <class name="qaclickacademy.AppiumTest">
        <test-method signature="IOSApps()[pri:0, instance:qaclickacademy.AppiumTest@70be0a2b]" started-at="2021-06-02T23:06:00 PST" name="IOSApps" finished-at="2021-06-02T23:06:00 PST" duration-ms="14" status="PASS">
          <reporter-output>
          </reporter-output>
        </test-method> <!-- IOSApps -->
        <test-method signature="NativeAppAndriod()[pri:0, instance:qaclickacademy.AppiumTest@70be0a2b]" started-at="2021-06-02T23:06:00 PST" name="NativeAppAndriod" finished-at="2021-06-02T23:06:00 PST" duration-ms="0" status="PASS">
          <reporter-output>
          </reporter-output>
        </test-method> <!-- NativeAppAndriod -->
      </class> <!-- qaclickacademy.AppiumTest -->
      <class name="qaclickacademy.RESTAPITest">
        <test-method signature="deleteTwitter()[pri:0, instance:qaclickacademy.RESTAPITest@37918c79]" started-at="2021-06-02T23:06:00 PST" name="deleteTwitter" finished-at="2021-06-02T23:06:00 PST" duration-ms="1" status="PASS">
          <reporter-output>
          </reporter-output>
        </test-method> <!-- deleteTwitter -->
        <test-method signature="postJira()[pri:0, instance:qaclickacademy.RESTAPITest@37918c79]" started-at="2021-06-02T23:06:00 PST" name="postJira" finished-at="2021-06-02T23:06:00 PST" duration-ms="0" status="PASS">
          <reporter-output>
          </reporter-output>
        </test-method> <!-- postJira -->
      </class> <!-- qaclickacademy.RESTAPITest -->
      <class name="qaclickacademy.SeleniumTest">
        <test-method signature="BrowserAutomation()[pri:0, instance:qaclickacademy.SeleniumTest@38c5cc4c]" started-at="2021-06-02T23:06:00 PST" name="BrowserAutomation" finished-at="2021-06-02T23:06:00 PST" duration-ms="1" status="PASS">
          <reporter-output>
          </reporter-output>
        </test-method> <!-- BrowserAutomation -->
        <test-method signature="elementsUi()[pri:0, instance:qaclickacademy.SeleniumTest@38c5cc4c]" started-at="2021-06-02T23:06:00 PST" name="elementsUi" finished-at="2021-06-02T23:06:00 PST" duration-ms="1" status="PASS">
          <reporter-output>
          </reporter-output>
        </test-method> <!-- elementsUi -->
      </class> <!-- qaclickacademy.SeleniumTest -->
    </test> <!-- Test -->
  </suite> <!-- Suite -->
</testng-results>
